2017-01-05 12:33:27,366 - Log4JLogChute initialized using file 'velocity.log'
2017-01-05 12:33:27,366 - Velocity was not initialized! Calling init()...
2017-01-05 12:33:27,366 - Starting Apache Velocity v1.5 (compiled: 2007-02-22 08:52:29)
2017-01-05 12:33:27,366 - Default Properties File: org/apache/velocity/runtime/defaults/velocity.properties
2017-01-05 12:33:27,366 - Trying to use logger class org.apache.velocity.runtime.log.AvalonLogChute
2017-01-05 12:33:27,367 - Couldn't find class org.apache.velocity.runtime.log.AvalonLogChute or necessary supporting classes in classpath.
java.lang.NoClassDefFoundError: org/apache/log/format/Formatter
	at java.lang.Class.forName0(Native Method)
	at java.lang.Class.forName(Class.java:348)
	at org.apache.velocity.util.ClassUtils.getClass(ClassUtils.java:63)
	at org.apache.velocity.util.ClassUtils.getNewInstance(ClassUtils.java:95)
	at org.apache.velocity.runtime.log.LogManager.createLogChute(LogManager.java:147)
	at org.apache.velocity.runtime.log.LogManager.updateLog(LogManager.java:208)
	at org.apache.velocity.runtime.RuntimeInstance.initializeLog(RuntimeInstance.java:728)
	at org.apache.velocity.runtime.RuntimeInstance.init(RuntimeInstance.java:240)
	at org.apache.velocity.runtime.RuntimeInstance.parse(RuntimeInstance.java:993)
	at org.apache.velocity.runtime.RuntimeInstance.parse(RuntimeInstance.java:972)
	at org.apache.velocity.runtime.RuntimeSingleton.parse(RuntimeSingleton.java:265)
	at org.apache.velocity.app.Velocity.evaluate(Velocity.java:274)
	at org.sonatype.mavenbook.weather.WeatherFormatter.format(WeatherFormatter.java:21)
	at org.sonatype.mavenbook.weather.yahoo.WeatherFormatterTest.testFormat(WeatherFormatterTest.java:23)
	at sun.reflect.NativeMethodAccessorImpl.invoke0(Native Method)
	at sun.reflect.NativeMethodAccessorImpl.invoke(NativeMethodAccessorImpl.java:62)
	at sun.reflect.DelegatingMethodAccessorImpl.invoke(DelegatingMethodAccessorImpl.java:43)
	at java.lang.reflect.Method.invoke(Method.java:498)
	at junit.framework.TestCase.runTest(TestCase.java:176)
	at junit.framework.TestCase.runBare(TestCase.java:141)
	at junit.framework.TestResult$1.protect(TestResult.java:122)
	at junit.framework.TestResult.runProtected(TestResult.java:142)
	at junit.framework.TestResult.run(TestResult.java:125)
	at junit.framework.TestCase.run(TestCase.java:129)
	at junit.framework.TestSuite.runTest(TestSuite.java:252)
	at junit.framework.TestSuite.run(TestSuite.java:247)
	at org.junit.internal.runners.JUnit38ClassRunner.run(JUnit38ClassRunner.java:86)
	at org.apache.maven.surefire.junit4.JUnit4Provider.execute(JUnit4Provider.java:252)
	at org.apache.maven.surefire.junit4.JUnit4Provider.executeTestSet(JUnit4Provider.java:141)
	at org.apache.maven.surefire.junit4.JUnit4Provider.invoke(JUnit4Provider.java:112)
	at sun.reflect.NativeMethodAccessorImpl.invoke0(Native Method)
	at sun.reflect.NativeMethodAccessorImpl.invoke(NativeMethodAccessorImpl.java:62)
	at sun.reflect.DelegatingMethodAccessorImpl.invoke(DelegatingMethodAccessorImpl.java:43)
	at java.lang.reflect.Method.invoke(Method.java:498)
	at org.apache.maven.surefire.util.ReflectionUtils.invokeMethodWithArray(ReflectionUtils.java:189)
	at org.apache.maven.surefire.booter.ProviderFactory$ProviderProxy.invoke(ProviderFactory.java:165)
	at org.apache.maven.surefire.booter.ProviderFactory.invokeProvider(ProviderFactory.java:85)
	at org.apache.maven.surefire.booter.ForkedBooter.runSuitesInProcess(ForkedBooter.java:115)
	at org.apache.maven.surefire.booter.ForkedBooter.main(ForkedBooter.java:75)
Caused by: java.lang.ClassNotFoundException: org.apache.log.format.Formatter
	at java.net.URLClassLoader.findClass(URLClassLoader.java:381)
	at java.lang.ClassLoader.loadClass(ClassLoader.java:424)
	at sun.misc.Launcher$AppClassLoader.loadClass(Launcher.java:331)
	at java.lang.ClassLoader.loadClass(ClassLoader.java:357)
	... 39 more
2017-01-05 12:33:27,369 - Trying to use logger class org.apache.velocity.runtime.log.Log4JLogChute
2017-01-05 12:33:27,369 - Using logger class org.apache.velocity.runtime.log.Log4JLogChute
2017-01-05 12:33:27,370 - Default ResourceManager initializing. (class org.apache.velocity.runtime.resource.ResourceManagerImpl)
2017-01-05 12:33:27,374 - ResourceLoader instantiated: org.apache.velocity.runtime.resource.loader.FileResourceLoader
2017-01-05 12:33:27,375 - Do unicode file recognition:  false
2017-01-05 12:33:27,375 - FileResourceLoader : adding path '.'
2017-01-05 12:33:27,385 - ResourceCache: initialized (class org.apache.velocity.runtime.resource.ResourceCacheImpl)
2017-01-05 12:33:27,386 - Loaded System Directive: org.apache.velocity.runtime.directive.Literal
2017-01-05 12:33:27,387 - Loaded System Directive: org.apache.velocity.runtime.directive.Macro
2017-01-05 12:33:27,389 - Loaded System Directive: org.apache.velocity.runtime.directive.Parse
2017-01-05 12:33:27,389 - Loaded System Directive: org.apache.velocity.runtime.directive.Include
2017-01-05 12:33:27,390 - Loaded System Directive: org.apache.velocity.runtime.directive.Foreach
2017-01-05 12:33:27,409 - Created '20' parsers.
2017-01-05 12:33:27,412 - Velocimacro : "velocimacro.library" is not set.  Trying default library: VM_global_library.vm
2017-01-05 12:33:27,412 - Velocimacro : Default library not found.
2017-01-05 12:33:27,412 - Velocimacro : allowInline = true : VMs can be defined inline in templates
2017-01-05 12:33:27,412 - Velocimacro : allowInlineToOverride = false : VMs defined inline may NOT replace previous VM definitions
2017-01-05 12:33:27,412 - Velocimacro : allowInlineLocal = false : VMs defined inline will be global in scope if allowed.
2017-01-05 12:33:27,412 - Velocimacro : autoload off : VM system will not automatically reload global library macros
2017-01-05 14:07:23,939 - Log4JLogChute initialized using file 'velocity.log'
2017-01-05 14:07:23,940 - Velocity was not initialized! Calling init()...
2017-01-05 14:07:23,940 - Starting Apache Velocity v1.5 (compiled: 2007-02-22 08:52:29)
2017-01-05 14:07:23,940 - Default Properties File: org/apache/velocity/runtime/defaults/velocity.properties
2017-01-05 14:07:23,940 - Trying to use logger class org.apache.velocity.runtime.log.AvalonLogChute
2017-01-05 14:07:23,941 - Couldn't find class org.apache.velocity.runtime.log.AvalonLogChute or necessary supporting classes in classpath.
java.lang.NoClassDefFoundError: org/apache/log/format/Formatter
	at java.lang.Class.forName0(Native Method)
	at java.lang.Class.forName(Class.java:348)
	at org.apache.velocity.util.ClassUtils.getClass(ClassUtils.java:63)
	at org.apache.velocity.util.ClassUtils.getNewInstance(ClassUtils.java:95)
	at org.apache.velocity.runtime.log.LogManager.createLogChute(LogManager.java:147)
	at org.apache.velocity.runtime.log.LogManager.updateLog(LogManager.java:208)
	at org.apache.velocity.runtime.RuntimeInstance.initializeLog(RuntimeInstance.java:728)
	at org.apache.velocity.runtime.RuntimeInstance.init(RuntimeInstance.java:240)
	at org.apache.velocity.runtime.RuntimeInstance.parse(RuntimeInstance.java:993)
	at org.apache.velocity.runtime.RuntimeInstance.parse(RuntimeInstance.java:972)
	at org.apache.velocity.runtime.RuntimeSingleton.parse(RuntimeSingleton.java:265)
	at org.apache.velocity.app.Velocity.evaluate(Velocity.java:274)
	at org.sonatype.mavenbook.weather.WeatherFormatter.format(WeatherFormatter.java:21)
	at org.sonatype.mavenbook.weather.yahoo.WeatherFormatterTest.testFormat(WeatherFormatterTest.java:23)
	at sun.reflect.NativeMethodAccessorImpl.invoke0(Native Method)
	at sun.reflect.NativeMethodAccessorImpl.invoke(NativeMethodAccessorImpl.java:62)
	at sun.reflect.DelegatingMethodAccessorImpl.invoke(DelegatingMethodAccessorImpl.java:43)
	at java.lang.reflect.Method.invoke(Method.java:498)
	at junit.framework.TestCase.runTest(TestCase.java:176)
	at junit.framework.TestCase.runBare(TestCase.java:141)
	at junit.framework.TestResult$1.protect(TestResult.java:122)
	at junit.framework.TestResult.runProtected(TestResult.java:142)
	at junit.framework.TestResult.run(TestResult.java:125)
	at junit.framework.TestCase.run(TestCase.java:129)
	at junit.framework.TestSuite.runTest(TestSuite.java:252)
	at junit.framework.TestSuite.run(TestSuite.java:247)
	at org.junit.internal.runners.JUnit38ClassRunner.run(JUnit38ClassRunner.java:86)
	at org.apache.maven.surefire.junit4.JUnit4Provider.execute(JUnit4Provider.java:252)
	at org.apache.maven.surefire.junit4.JUnit4Provider.executeTestSet(JUnit4Provider.java:141)
	at org.apache.maven.surefire.junit4.JUnit4Provider.invoke(JUnit4Provider.java:112)
	at sun.reflect.NativeMethodAccessorImpl.invoke0(Native Method)
	at sun.reflect.NativeMethodAccessorImpl.invoke(NativeMethodAccessorImpl.java:62)
	at sun.reflect.DelegatingMethodAccessorImpl.invoke(DelegatingMethodAccessorImpl.java:43)
	at java.lang.reflect.Method.invoke(Method.java:498)
	at org.apache.maven.surefire.util.ReflectionUtils.invokeMethodWithArray(ReflectionUtils.java:189)
	at org.apache.maven.surefire.booter.ProviderFactory$ProviderProxy.invoke(ProviderFactory.java:165)
	at org.apache.maven.surefire.booter.ProviderFactory.invokeProvider(ProviderFactory.java:85)
	at org.apache.maven.surefire.booter.ForkedBooter.runSuitesInProcess(ForkedBooter.java:115)
	at org.apache.maven.surefire.booter.ForkedBooter.main(ForkedBooter.java:75)
Caused by: java.lang.ClassNotFoundException: org.apache.log.format.Formatter
	at java.net.URLClassLoader.findClass(URLClassLoader.java:381)
	at java.lang.ClassLoader.loadClass(ClassLoader.java:424)
	at sun.misc.Launcher$AppClassLoader.loadClass(Launcher.java:331)
	at java.lang.ClassLoader.loadClass(ClassLoader.java:357)
	... 39 more
2017-01-05 14:07:23,944 - Trying to use logger class org.apache.velocity.runtime.log.Log4JLogChute
2017-01-05 14:07:23,944 - Using logger class org.apache.velocity.runtime.log.Log4JLogChute
2017-01-05 14:07:23,948 - Default ResourceManager initializing. (class org.apache.velocity.runtime.resource.ResourceManagerImpl)
2017-01-05 14:07:23,953 - ResourceLoader instantiated: org.apache.velocity.runtime.resource.loader.FileResourceLoader
2017-01-05 14:07:23,954 - Do unicode file recognition:  false
2017-01-05 14:07:23,955 - FileResourceLoader : adding path '.'
2017-01-05 14:07:23,968 - ResourceCache: initialized (class org.apache.velocity.runtime.resource.ResourceCacheImpl)
2017-01-05 14:07:23,969 - Loaded System Directive: org.apache.velocity.runtime.directive.Literal
2017-01-05 14:07:23,970 - Loaded System Directive: org.apache.velocity.runtime.directive.Macro
2017-01-05 14:07:23,972 - Loaded System Directive: org.apache.velocity.runtime.directive.Parse
2017-01-05 14:07:23,973 - Loaded System Directive: org.apache.velocity.runtime.directive.Include
2017-01-05 14:07:23,974 - Loaded System Directive: org.apache.velocity.runtime.directive.Foreach
2017-01-05 14:07:23,999 - Created '20' parsers.
2017-01-05 14:07:24,004 - Velocimacro : "velocimacro.library" is not set.  Trying default library: VM_global_library.vm
2017-01-05 14:07:24,004 - Velocimacro : Default library not found.
2017-01-05 14:07:24,004 - Velocimacro : allowInline = true : VMs can be defined inline in templates
2017-01-05 14:07:24,004 - Velocimacro : allowInlineToOverride = false : VMs defined inline may NOT replace previous VM definitions
2017-01-05 14:07:24,005 - Velocimacro : allowInlineLocal = false : VMs defined inline will be global in scope if allowed.
2017-01-05 14:07:24,005 - Velocimacro : autoload off : VM system will not automatically reload global library macros
2017-01-08 03:08:35,663 - Log4JLogChute initialized using file 'velocity.log'
2017-01-08 03:08:35,664 - Velocity was not initialized! Calling init()...
2017-01-08 03:08:35,664 - Starting Apache Velocity v1.5 (compiled: 2007-02-22 08:52:29)
2017-01-08 03:08:35,664 - Default Properties File: org/apache/velocity/runtime/defaults/velocity.properties
2017-01-08 03:08:35,664 - Trying to use logger class org.apache.velocity.runtime.log.AvalonLogChute
2017-01-08 03:08:35,665 - Couldn't find class org.apache.velocity.runtime.log.AvalonLogChute or necessary supporting classes in classpath.
java.lang.NoClassDefFoundError: org/apache/log/format/Formatter
	at java.lang.Class.forName0(Native Method)
	at java.lang.Class.forName(Class.java:348)
	at org.apache.velocity.util.ClassUtils.getClass(ClassUtils.java:63)
	at org.apache.velocity.util.ClassUtils.getNewInstance(ClassUtils.java:95)
	at org.apache.velocity.runtime.log.LogManager.createLogChute(LogManager.java:147)
	at org.apache.velocity.runtime.log.LogManager.updateLog(LogManager.java:208)
	at org.apache.velocity.runtime.RuntimeInstance.initializeLog(RuntimeInstance.java:728)
	at org.apache.velocity.runtime.RuntimeInstance.init(RuntimeInstance.java:240)
	at org.apache.velocity.runtime.RuntimeInstance.parse(RuntimeInstance.java:993)
	at org.apache.velocity.runtime.RuntimeInstance.parse(RuntimeInstance.java:972)
	at org.apache.velocity.runtime.RuntimeSingleton.parse(RuntimeSingleton.java:265)
	at org.apache.velocity.app.Velocity.evaluate(Velocity.java:274)
	at org.sonatype.mavenbook.weather.WeatherFormatter.format(WeatherFormatter.java:21)
	at org.sonatype.mavenbook.weather.yahoo.WeatherFormatterTest.testFormat(WeatherFormatterTest.java:23)
	at sun.reflect.NativeMethodAccessorImpl.invoke0(Native Method)
	at sun.reflect.NativeMethodAccessorImpl.invoke(NativeMethodAccessorImpl.java:62)
	at sun.reflect.DelegatingMethodAccessorImpl.invoke(DelegatingMethodAccessorImpl.java:43)
	at java.lang.reflect.Method.invoke(Method.java:498)
	at junit.framework.TestCase.runTest(TestCase.java:176)
	at junit.framework.TestCase.runBare(TestCase.java:141)
	at junit.framework.TestResult$1.protect(TestResult.java:122)
	at junit.framework.TestResult.runProtected(TestResult.java:142)
	at junit.framework.TestResult.run(TestResult.java:125)
	at junit.framework.TestCase.run(TestCase.java:129)
	at junit.framework.TestSuite.runTest(TestSuite.java:252)
	at junit.framework.TestSuite.run(TestSuite.java:247)
	at org.junit.internal.runners.JUnit38ClassRunner.run(JUnit38ClassRunner.java:86)
	at org.apache.maven.surefire.junit4.JUnit4Provider.execute(JUnit4Provider.java:252)
	at org.apache.maven.surefire.junit4.JUnit4Provider.executeTestSet(JUnit4Provider.java:141)
	at org.apache.maven.surefire.junit4.JUnit4Provider.invoke(JUnit4Provider.java:112)
	at sun.reflect.NativeMethodAccessorImpl.invoke0(Native Method)
	at sun.reflect.NativeMethodAccessorImpl.invoke(NativeMethodAccessorImpl.java:62)
	at sun.reflect.DelegatingMethodAccessorImpl.invoke(DelegatingMethodAccessorImpl.java:43)
	at java.lang.reflect.Method.invoke(Method.java:498)
	at org.apache.maven.surefire.util.ReflectionUtils.invokeMethodWithArray(ReflectionUtils.java:189)
	at org.apache.maven.surefire.booter.ProviderFactory$ProviderProxy.invoke(ProviderFactory.java:165)
	at org.apache.maven.surefire.booter.ProviderFactory.invokeProvider(ProviderFactory.java:85)
	at org.apache.maven.surefire.booter.ForkedBooter.runSuitesInProcess(ForkedBooter.java:115)
	at org.apache.maven.surefire.booter.ForkedBooter.main(ForkedBooter.java:75)
Caused by: java.lang.ClassNotFoundException: org.apache.log.format.Formatter
	at java.net.URLClassLoader.findClass(URLClassLoader.java:381)
	at java.lang.ClassLoader.loadClass(ClassLoader.java:424)
	at sun.misc.Launcher$AppClassLoader.loadClass(Launcher.java:331)
	at java.lang.ClassLoader.loadClass(ClassLoader.java:357)
	... 39 more
2017-01-08 03:08:35,667 - Trying to use logger class org.apache.velocity.runtime.log.Log4JLogChute
2017-01-08 03:08:35,667 - Using logger class org.apache.velocity.runtime.log.Log4JLogChute
2017-01-08 03:08:35,671 - Default ResourceManager initializing. (class org.apache.velocity.runtime.resource.ResourceManagerImpl)
2017-01-08 03:08:35,676 - ResourceLoader instantiated: org.apache.velocity.runtime.resource.loader.FileResourceLoader
2017-01-08 03:08:35,677 - Do unicode file recognition:  false
2017-01-08 03:08:35,677 - FileResourceLoader : adding path '.'
2017-01-08 03:08:35,690 - ResourceCache: initialized (class org.apache.velocity.runtime.resource.ResourceCacheImpl)
2017-01-08 03:08:35,691 - Loaded System Directive: org.apache.velocity.runtime.directive.Literal
2017-01-08 03:08:35,692 - Loaded System Directive: org.apache.velocity.runtime.directive.Macro
2017-01-08 03:08:35,695 - Loaded System Directive: org.apache.velocity.runtime.directive.Parse
2017-01-08 03:08:35,696 - Loaded System Directive: org.apache.velocity.runtime.directive.Include
2017-01-08 03:08:35,697 - Loaded System Directive: org.apache.velocity.runtime.directive.Foreach
2017-01-08 03:08:35,718 - Created '20' parsers.
2017-01-08 03:08:35,722 - Velocimacro : "velocimacro.library" is not set.  Trying default library: VM_global_library.vm
2017-01-08 03:08:35,723 - Velocimacro : Default library not found.
2017-01-08 03:08:35,723 - Velocimacro : allowInline = true : VMs can be defined inline in templates
2017-01-08 03:08:35,723 - Velocimacro : allowInlineToOverride = false : VMs defined inline may NOT replace previous VM definitions
2017-01-08 03:08:35,723 - Velocimacro : allowInlineLocal = false : VMs defined inline will be global in scope if allowed.
2017-01-08 03:08:35,723 - Velocimacro : autoload off : VM system will not automatically reload global library macros
